\BOOKMARK [0][-]{tableofcontents.0}{Indice}{}% 1
\BOOKMARK [0][-]{Dedica.0}{Dedica}{}% 2
\BOOKMARK [0][-]{introduzione.0}{Introduzione}{}% 3
\BOOKMARK [0][-]{chapter.1}{Termodinamica e Meccanica Statistica}{}% 4
\BOOKMARK [1][-]{section.1.1}{Introduzione}{chapter.1}% 5
\BOOKMARK [2][-]{subsection.1.1.1}{Principi della Meccanica Statistica}{section.1.1}% 6
\BOOKMARK [2][-]{subsection.1.1.2}{Entropia}{section.1.1}% 7
\BOOKMARK [2][-]{subsection.1.1.3}{Precisazioni teoriche sui fondamenti}{section.1.1}% 8
\BOOKMARK [1][-]{section.1.2}{Termodinamica}{chapter.1}% 9
\BOOKMARK [2][-]{subsection.1.2.1}{I principi della termodinamica}{section.1.2}% 10
\BOOKMARK [2][-]{subsection.1.2.2}{Grandezze termodinamiche}{section.1.2}% 11
\BOOKMARK [2][-]{subsection.1.2.3}{Variabili Magnetiche}{section.1.2}% 12
\BOOKMARK [2][-]{subsection.1.2.4}{Principio variazionale}{section.1.2}% 13
\BOOKMARK [2][-]{subsection.1.2.5}{Derivate termodinamiche}{section.1.2}% 14
\BOOKMARK [2][-]{subsection.1.2.6}{Diagrammi di fase}{section.1.2}% 15
\BOOKMARK [1][-]{section.1.3}{Meccanica Statistica}{chapter.1}% 16
\BOOKMARK [2][-]{subsection.1.3.1}{Densit\340 di stati}{section.1.3}% 17
\BOOKMARK [2][-]{subsection.1.3.2}{Propriet\340 di Z e Z}{section.1.3}% 18
\BOOKMARK [2][-]{subsection.1.3.3}{Particelle identiche}{section.1.3}% 19
\BOOKMARK [2][-]{subsection.1.3.4}{Integrazione sugli stati}{section.1.3}% 20
\BOOKMARK [2][-]{subsection.1.3.5}{Fluttuazioni}{section.1.3}% 21
\BOOKMARK [1][-]{section.1.4}{Commenti sui principi della Meccanica Statistica}{chapter.1}% 22
\BOOKMARK [2][-]{subsection.1.4.1}{Incertezza quantistica e termodinamica}{section.1.4}% 23
\BOOKMARK [2][-]{subsection.1.4.2}{Principio di equiprobabilit\340 a priori}{section.1.4}% 24
\BOOKMARK [2][-]{subsection.1.4.3}{Ensemble}{section.1.4}% 25
\BOOKMARK [1][-]{section.1.5}{Bibliografia}{chapter.1}% 26
\BOOKMARK [0][-]{chapter.2}{Gas perfetto}{}% 27
\BOOKMARK [1][-]{section.2.1}{Gas ideale}{chapter.2}% 28
\BOOKMARK [1][-]{section.2.2}{Statistiche di Bose-Einstein e Fermi-Dirac}{chapter.2}% 29
\BOOKMARK [2][-]{subsection.2.2.1}{Fermi-Dirac}{section.2.2}% 30
\BOOKMARK [2][-]{subsection.2.2.2}{Bose-Einstein}{section.2.2}% 31
\BOOKMARK [1][-]{section.2.3}{Gas poco degenere}{chapter.2}% 32
\BOOKMARK [1][-]{section.2.4}{Gas di Fermi molto degenere: elettroni nei metalli}{chapter.2}% 33
\BOOKMARK [1][-]{section.2.5}{Gas di Bose molto degenere: condensati di Bose-Einstein}{chapter.2}% 34
\BOOKMARK [2][-]{subsection.2.5.1}{Tecniche di realizzazione sperimentale di un condensato di Bose-Einstein}{section.2.5}% 35
\BOOKMARK [2][-]{subsection.2.5.2}{Approfondimenti sui condensati}{section.2.5}% 36
\BOOKMARK [1][-]{section.2.6}{Elettroni}{chapter.2}% 37
\BOOKMARK [2][-]{subsection.2.6.1}{Conduzione nei metalli}{section.2.6}% 38
\BOOKMARK [2][-]{subsection.2.6.2}{Elettroni in un campo magnetico}{section.2.6}% 39
\BOOKMARK [2][-]{subsection.2.6.3}{Emissione di elettroni da un metallo}{section.2.6}% 40
\BOOKMARK [1][-]{section.2.7}{Bibliografia}{chapter.2}% 41
\BOOKMARK [0][-]{chapter.3}{Fluttuazioni e Rumore}{}% 42
\BOOKMARK [1][-]{section.3.1}{Fluttuazioni}{chapter.3}% 43
\BOOKMARK [2][-]{subsection.3.1.1}{Fluttuazioni di fotoni}{section.3.1}% 44
\BOOKMARK [2][-]{subsection.3.1.2}{Spazio delle fasi per un fascio di luce}{section.3.1}% 45
\BOOKMARK [2][-]{subsection.3.1.3}{Interferometria stellare e di Hanbury Brown e Twiss}{section.3.1}% 46
\BOOKMARK [1][-]{section.3.2}{Rumore}{chapter.3}% 47
\BOOKMARK [2][-]{subsection.3.2.1}{Teorema di Nyquist}{section.3.2}% 48
\BOOKMARK [2][-]{subsection.3.2.2}{Teorema di Wiener-Khintchine}{section.3.2}% 49
\BOOKMARK [2][-]{subsection.3.2.3}{Derivazione microscopica del Teorema di Nyquist}{section.3.2}% 50
\BOOKMARK [2][-]{subsection.3.2.4}{Shot noise}{section.3.2}% 51
\BOOKMARK [1][-]{section.3.3}{Bibliografia}{chapter.3}% 52
\BOOKMARK [0][-]{chapter.4}{Cristalli}{}% 53
\BOOKMARK [1][-]{section.4.1}{Il dilemma della capacit\340 termica}{chapter.4}% 54
\BOOKMARK [2][-]{subsection.4.1.1}{Teorema di equipartizione}{section.4.1}% 55
\BOOKMARK [2][-]{subsection.4.1.2}{Modello di Einstein}{section.4.1}% 56
\BOOKMARK [2][-]{subsection.4.1.3}{Modello di Debye}{section.4.1}% 57
\BOOKMARK [1][-]{section.4.2}{Propriet\340 geometriche dei cristalli}{chapter.4}% 58
\BOOKMARK [2][-]{subsection.4.2.1}{Simmetrie spaziali}{section.4.2}% 59
\BOOKMARK [2][-]{subsection.4.2.2}{Diffrazione dei raggi X}{section.4.2}% 60
\BOOKMARK [1][-]{section.4.3}{Hamiltoniana dei Cristalli}{chapter.4}% 61
\BOOKMARK [2][-]{subsection.4.3.1}{Approssimazione di Born-Oppenheimer}{section.4.3}% 62
\BOOKMARK [2][-]{subsection.4.3.2}{Hartree-Fock}{section.4.3}% 63
\BOOKMARK [1][-]{section.4.4}{Il teorema di Bloch}{chapter.4}% 64
\BOOKMARK [2][-]{subsection.4.4.1}{Zone di Brillouin}{section.4.4}% 65
\BOOKMARK [2][-]{subsection.4.4.2}{Il concetto di banda}{section.4.4}% 66
